Theme changed to Light Theme - Fri Oct 04 00:18:22 ICT 2024
Theme changed to Dark Theme - Fri Oct 04 00:26:40 ICT 2024
Theme changed to Light Theme - Fri Oct 04 00:51:12 ICT 2024
Theme changed to Dark Theme - Fri Oct 04 00:51:43 ICT 2024
Theme changed to Light Theme - Tue Oct 08 11:44:23 SGT 2024
Theme changed to Dark Theme - Tue Oct 08 11:44:34 SGT 2024
Theme changed to Light Theme - Mon Oct 14 23:15:52 SGT 2024
Theme changed to Dark Theme - Mon Oct 14 23:16:04 SGT 2024
Admin attempted login and failed on Mon Oct 14 23:39:23 SGT 2024
Admin attempted login and failed on Wed Oct 16 10:51:34 SGT 2024
Admin attempted login and failed on Mon Nov 04 22:23:41 SGT 2024
Theme changed to Light Theme - Tue Nov 05 09:43:28 SGT 2024
Theme changed to Dark Theme - Tue Nov 05 09:43:35 SGT 2024
Password changed successfully for Admin - Wed Nov 06 20:46:13 SGT 2024
Password changed successfully for Admin - Wed Nov 06 20:48:30 SGT 2024
Admin attempted login and failed on Wed Nov 06 20:48:39 SGT 2024
Admin attempted login and failed on Wed Nov 06 20:48:41 SGT 2024
Admin attempted login and failed on Wed Nov 06 20:48:52 SGT 2024
Admin attempted login and failed on Wed Nov 06 20:49:01 SGT 2024
Admin attempted login and failed on Wed Nov 06 20:49:53 SGT 2024
Admin attempted login and failed on Wed Nov 06 21:07:27 SGT 2024
Password changed successfully for Admin - Wed Nov 06 21:09:38 SGT 2024
Ahd attempted login and failed on Thu Nov 07 10:54:57 SGT 2024
Theme changed to Light Theme - Thu Nov 07 11:00:27 SGT 2024
Theme changed to Dark Theme - Thu Nov 07 11:00:29 SGT 2024
Password changed successfully for Admin - Thu Nov 07 11:00:55 SGT 2024
Admin attempted login and failed on Thu Nov 07 11:01:06 SGT 2024
Admin attempted login and failed on Thu Nov 07 12:12:16 SGT 2024
Admin attempted login and failed on Thu Nov 07 12:12:23 SGT 2024
Password changed successfully for Admin - Thu Nov 07 12:12:59 SGT 2024
Theme changed to Light Theme - Mon Nov 18 22:48:41 SGT 2024
Theme changed to Dark Theme - Mon Nov 18 22:48:44 SGT 2024
Admin attempted login and failed on Tue Nov 19 15:08:43 SGT 2024
Theme changed to Light Theme - Tue Nov 19 15:09:39 SGT 2024
Theme changed to Dark Theme - Tue Nov 19 15:09:41 SGT 2024
Theme changed to Light Theme - Tue Nov 19 15:09:47 SGT 2024
Theme changed to Dark Theme - Wed Nov 20 11:04:48 SGT 2024
Theme changed to Light Theme - Wed Nov 20 11:04:52 SGT 2024
bsbbsbs attempted login and failed on Tue Dec 03 11:48:01 SGT 2024
Password changed successfully for Admin - Tue Dec 03 11:50:52 SGT 2024
Admin attempted login and failed on Tue Dec 03 11:51:00 SGT 2024
Theme changed to Dark Theme - Tue Dec 03 11:51:07 SGT 2024
Theme changed to Light Theme - Tue Dec 03 11:51:09 SGT 2024
Admin attempted login and failed on Tue Dec 03 11:54:56 SGT 2024
Admin attempted login and failed on Tue Dec 03 11:55:04 SGT 2024
Password changed successfully for Admin - Tue Dec 03 11:57:20 SGT 2024
Theme changed to Dark Theme - Tue Dec 03 11:57:35 SGT 2024
Theme changed to Light Theme - Tue Dec 03 11:57:37 SGT 2024
bsbwx attempted login and failed on Tue Dec 03 11:57:47 SGT 2024
